  113001374_ProyectoFinal.cpp
C:\Users\ayat0\OneDrive\Documentos\8vo semestre\compuGrafica\Repositorio\113001374_Proyecto_Gpo08\ProyectoFinal\ProyectoFinal\113001374_ProyectoFinal.cpp(174,30): warning C4244: 'inicializando': conversión de 'double' a 'GLfloat'; posible pérdida de datos
C:\Users\ayat0\OneDrive\Documentos\8vo semestre\compuGrafica\Repositorio\113001374_Proyecto_Gpo08\ProyectoFinal\ProyectoFinal\113001374_ProyectoFinal.cpp(153,38): warning C4101: 'nrChannels': variable local sin referencia
C:\Users\ayat0\OneDrive\Documentos\8vo semestre\compuGrafica\Repositorio\113001374_Proyecto_Gpo08\ProyectoFinal\ProyectoFinal\113001374_ProyectoFinal.cpp(153,9): warning C4101: 'textureWidth': variable local sin referencia
C:\Users\ayat0\OneDrive\Documentos\8vo semestre\compuGrafica\Repositorio\113001374_Proyecto_Gpo08\ProyectoFinal\ProyectoFinal\113001374_ProyectoFinal.cpp(153,23): warning C4101: 'textureHeight': variable local sin referencia
C:\Users\ayat0\OneDrive\Documentos\8vo semestre\compuGrafica\Repositorio\113001374_Proyecto_Gpo08\ProyectoFinal\ProyectoFinal\113001374_ProyectoFinal.cpp(377,17): warning C4244: '=': conversión de 'double' a 'GLfloat'; posible pérdida de datos
C:\Users\ayat0\OneDrive\Documentos\8vo semestre\compuGrafica\Repositorio\113001374_Proyecto_Gpo08\ProyectoFinal\ProyectoFinal\113001374_ProyectoFinal.cpp(378,17): warning C4244: '=': conversión de 'double' a 'GLfloat'; posible pérdida de datos
C:\Users\ayat0\OneDrive\Documentos\8vo semestre\compuGrafica\Repositorio\113001374_Proyecto_Gpo08\ProyectoFinal\ProyectoFinal\113001374_ProyectoFinal.cpp(381,21): warning C4244: 'inicializando': conversión de 'double' a 'GLfloat'; posible pérdida de datos
C:\Users\ayat0\OneDrive\Documentos\8vo semestre\compuGrafica\Repositorio\113001374_Proyecto_Gpo08\ProyectoFinal\ProyectoFinal\113001374_ProyectoFinal.cpp(382,21): warning C4244: 'inicializando': conversión de 'double' a 'GLfloat'; posible pérdida de datos
C:\Users\ayat0\OneDrive\Documentos\8vo semestre\compuGrafica\Repositorio\113001374_Proyecto_Gpo08\ProyectoFinal\ProyectoFinal\113001374_ProyectoFinal.cpp(383,13): warning C4244: '=': conversión de 'double' a 'GLfloat'; posible pérdida de datos
C:\Users\ayat0\OneDrive\Documentos\8vo semestre\compuGrafica\Repositorio\113001374_Proyecto_Gpo08\ProyectoFinal\ProyectoFinal\113001374_ProyectoFinal.cpp(384,13): warning C4244: '=': conversión de 'double' a 'GLfloat'; posible pérdida de datos
soil2-debug.lib(SOIL2.obj) : warning LNK4075: se omite '/EDITANDCONTINUE' debido a la especificación '/OPT:ICF'
LINK : warning LNK4098: la biblioteca predeterminada'MSVCRTD' entra en conflicto con otras bibliotecas; use la biblioteca /NODEFAULTLIB:biblioteca
  Generando código
  Previous IPDB not found, fall back to full compilation.
  All 595 functions were compiled because no usable IPDB/IOBJ from previous compilation was found.
  Generación de código finalizada
soil2-debug.lib(etc1_utils.obj) : warning LNK4099: no se encontró PDB 'soil2-debug.pdb' con 'soil2-debug.lib(etc1_utils.obj)' o en 'C:\Users\ayat0\OneDrive\Documentos\8vo semestre\compuGrafica\Repositorio\113001374_Proyecto_Gpo08\ProyectoFinal\Release\soil2-debug.pdb'; se vinculará el objeto sin tener en cuenta información de depuración
soil2-debug.lib(image_DXT.obj) : warning LNK4099: no se encontró PDB 'soil2-debug.pdb' con 'soil2-debug.lib(image_DXT.obj)' o en 'C:\Users\ayat0\OneDrive\Documentos\8vo semestre\compuGrafica\Repositorio\113001374_Proyecto_Gpo08\ProyectoFinal\Release\soil2-debug.pdb'; se vinculará el objeto sin tener en cuenta información de depuración
soil2-debug.lib(image_helper.obj) : warning LNK4099: no se encontró PDB 'soil2-debug.pdb' con 'soil2-debug.lib(image_helper.obj)' o en 'C:\Users\ayat0\OneDrive\Documentos\8vo semestre\compuGrafica\Repositorio\113001374_Proyecto_Gpo08\ProyectoFinal\Release\soil2-debug.pdb'; se vinculará el objeto sin tener en cuenta información de depuración
soil2-debug.lib(SOIL2.obj) : warning LNK4099: no se encontró PDB 'soil2-debug.pdb' con 'soil2-debug.lib(SOIL2.obj)' o en 'C:\Users\ayat0\OneDrive\Documentos\8vo semestre\compuGrafica\Repositorio\113001374_Proyecto_Gpo08\ProyectoFinal\Release\soil2-debug.pdb'; se vinculará el objeto sin tener en cuenta información de depuración
  ProyectoFinal.vcxproj -> C:\Users\ayat0\OneDrive\Documentos\8vo semestre\compuGrafica\Repositorio\113001374_Proyecto_Gpo08\ProyectoFinal\Release\ProyectoFinal.exe
